{"duration":"1.719672ms","level":"warning","method":"POST","msg":"Client error","path":"/product/3/buy","status":400,"tag":"middleware","time":"2025-06-18T14:05:37+03:00"}
{"duration":"636.418µs","level":"warning","method":"POST","msg":"Client error","path":"/product/2/buy","status":400,"tag":"middleware","time":"2025-06-18T14:05:43+03:00"}
{"duration":"3.772927ms","level":"info","method":"POST","msg":"Success","path":"/product","status":201,"tag":"middleware","time":"2025-06-18T14:05:51+03:00"}
{"duration":"3.168615ms","level":"info","method":"POST","msg":"Success","path":"/product","status":201,"tag":"middleware","time":"2025-06-18T14:05:57+03:00"}
{"duration":"1.96212ms","level":"info","method":"POST","msg":"Success","path":"/product","status":201,"tag":"middleware","time":"2025-06-18T14:06:02+03:00"}
{"duration":"4.181306ms","level":"info","method":"POST","msg":"Success","path":"/product","status":201,"tag":"middleware","time":"2025-06-18T14:06:13+03:00"}
{"duration":"2.686032ms","level":"info","method":"POST","msg":"Success","path":"/product","status":201,"tag":"middleware","time":"2025-06-18T14:06:20+03:00"}
{"duration":"2.170359ms","level":"info","method":"POST","msg":"Success","path":"/product","status":201,"tag":"middleware","time":"2025-06-18T14:06:30+03:00"}
{"duration":"4.208308ms","level":"info","method":"POST","msg":"Success","path":"/product","status":201,"tag":"middleware","time":"2025-06-18T14:06:42+03:00"}
{"duration":"2.032638ms","level":"info","method":"POST","msg":"Success","path":"/product","status":201,"tag":"middleware","time":"2025-06-18T14:07:00+03:00"}
{"duration":"624.424µs","level":"info","method":"POST","msg":"Success","path":"/product/2/buy","status":201,"tag":"middleware","time":"2025-06-18T14:07:06+03:00"}
{"duration":"12.63847ms","level":"info","method":"GET","msg":"Success","path":"/product/4","status":200,"tag":"middleware","time":"2025-06-19T15:08:46+03:00"}
{"duration":"2.888924ms","level":"warning","method":"POST","msg":"Client error","path":"/product/4/buy","status":400,"tag":"middleware","time":"2025-06-19T15:08:53+03:00"}
{"duration":"6.73422ms","level":"info","method":"POST","msg":"Success","path":"/auth/get_code","status":201,"tag":"middleware","time":"2025-06-19T15:09:06+03:00"}
{"duration":"4.436635ms","level":"info","method":"POST","msg":"Success","path":"/auth/get_token","status":201,"tag":"middleware","time":"2025-06-19T15:15:58+03:00"}
{"duration":"7.088676ms","level":"info","method":"POST","msg":"Success","path":"/product/4/buy","status":201,"tag":"middleware","time":"2025-06-19T15:16:12+03:00"}
{"duration":"5.747885ms","level":"info","method":"POST","msg":"Success","path":"/product/2/buy","status":201,"tag":"middleware","time":"2025-06-19T15:18:47+03:00"}
{"duration":"8.158227ms","level":"info","method":"POST","msg":"Success","path":"/product/2/buy","status":201,"tag":"middleware","time":"2025-06-19T15:20:15+03:00"}
{"duration":"10.072738ms","level":"info","method":"POST","msg":"Success","path":"/product/2/buy","status":201,"tag":"middleware","time":"2025-06-19T15:22:39+03:00"}
{"duration":"4.597268ms","level":"info","method":"POST","msg":"Success","path":"/product/2/buy","status":201,"tag":"middleware","time":"2025-06-19T15:22:40+03:00"}
{"duration":"7.750548ms","level":"info","method":"POST","msg":"Success","path":"/product/2/buy","status":201,"tag":"middleware","time":"2025-06-19T15:23:30+03:00"}
{"duration":"4.766082ms","level":"info","method":"POST","msg":"Success","path":"/product/2/buy","status":201,"tag":"middleware","time":"2025-06-19T15:23:31+03:00"}
{"duration":"11.626315ms","level":"info","method":"POST","msg":"Success","path":"/product/2/buy","status":201,"tag":"middleware","time":"2025-06-19T15:23:52+03:00"}
{"duration":"4.806295ms","level":"info","method":"POST","msg":"Success","path":"/product/2/buy","status":201,"tag":"middleware","time":"2025-06-19T15:23:53+03:00"}
{"duration":"7.454934ms","level":"info","method":"POST","msg":"Success","path":"/product/2/buy","status":201,"tag":"middleware","time":"2025-06-19T15:25:15+03:00"}
{"duration":"8.007432ms","level":"info","method":"POST","msg":"Success","path":"/product/2/buy","status":201,"tag":"middleware","time":"2025-06-19T15:25:55+03:00"}
{"duration":"15.369767ms","level":"info","method":"POST","msg":"Success","path":"/product/2/buy","status":201,"tag":"middleware","time":"2025-06-19T15:27:51+03:00"}
{"duration":"7.923872ms","level":"info","method":"POST","msg":"Success","path":"/product/2/buy","status":201,"tag":"middleware","time":"2025-06-19T15:38:05+03:00"}
{"duration":"6.03544ms","level":"info","method":"POST","msg":"Success","path":"/product/2/buy","status":201,"tag":"middleware","time":"2025-06-19T15:38:06+03:00"}
{"duration":"8.351945ms","level":"info","method":"POST","msg":"Success","path":"/product/2/buy","status":201,"tag":"middleware","time":"2025-06-19T15:38:08+03:00"}
{"duration":"4.299193ms","level":"info","method":"POST","msg":"Success","path":"/product/4/buy","status":201,"tag":"middleware","time":"2025-06-19T15:38:41+03:00"}
{"duration":"13.433198ms","level":"info","method":"POST","msg":"Success","path":"/product/4/buy","status":201,"tag":"middleware","time":"2025-06-19T16:02:24+03:00"}
{"duration":"4.471133ms","level":"info","method":"POST","msg":"Success","path":"/product/4/buy","status":201,"tag":"middleware","time":"2025-06-19T16:02:26+03:00"}
{"duration":"5.281548ms","level":"info","method":"POST","msg":"Success","path":"/product/2/buy","status":201,"tag":"middleware","time":"2025-06-19T16:02:30+03:00"}
{"duration":"3.377303ms","level":"error","method":"GET","msg":"Server error","path":"/order/1","status":500,"tag":"middleware","time":"2025-06-19T16:16:53+03:00"}
{"duration":"1.036793ms","level":"error","method":"GET","msg":"Server error","path":"/order/13","status":500,"tag":"middleware","time":"2025-06-19T16:17:16+03:00"}
{"duration":"15.138µs","level":"warning","method":"GET","msg":"Client error","path":"/order/","status":404,"tag":"middleware","time":"2025-06-19T16:18:32+03:00"}
{"duration":"33.091µs","level":"warning","method":"GET","msg":"Client error","path":"/order","status":405,"tag":"middleware","time":"2025-06-19T16:18:37+03:00"}
{"duration":"4.345579ms","level":"info","method":"POST","msg":"Success","path":"/order","status":201,"tag":"middleware","time":"2025-06-19T16:19:28+03:00"}
{"duration":"1.263053ms","level":"error","method":"GET","msg":"Server error","path":"/order/13","status":500,"tag":"middleware","time":"2025-06-19T16:19:32+03:00"}
{"duration":"1.279377ms","level":"error","method":"GET","msg":"Server error","path":"/order/13","status":500,"tag":"middleware","time":"2025-06-19T16:19:34+03:00"}
{"duration":"1.457434ms","level":"error","method":"GET","msg":"Server error","path":"/order/13","status":500,"tag":"middleware","time":"2025-06-19T16:19:35+03:00"}
{"duration":"5.715501ms","level":"error","method":"GET","msg":"Server error","path":"/order/13","status":500,"tag":"middleware","time":"2025-06-19T16:21:14+03:00"}
{"duration":"1.082994ms","level":"error","method":"GET","msg":"Server error","path":"/order/13","status":500,"tag":"middleware","time":"2025-06-19T16:21:15+03:00"}
{"duration":"5.168702ms","level":"error","method":"GET","msg":"Server error","path":"/order/13","status":500,"tag":"middleware","time":"2025-06-19T16:39:27+03:00"}
{"duration":"3.830772ms","level":"info","method":"GET","msg":"Success","path":"/order/13","status":201,"tag":"middleware","time":"2025-06-19T16:49:31+03:00"}
{"duration":"7.795665ms","level":"info","method":"GET","msg":"Success","path":"/order/13","status":201,"tag":"middleware","time":"2025-06-19T16:56:25+03:00"}
{"duration":"5.157711ms","level":"info","method":"POST","msg":"Success","path":"/product/2/buy","status":201,"tag":"middleware","time":"2025-06-19T17:00:54+03:00"}
{"duration":"22.236195ms","level":"info","method":"POST","msg":"Success","path":"/product/2/buy","status":201,"tag":"middleware","time":"2025-06-19T17:02:51+03:00"}
{"duration":"6.153849ms","level":"info","method":"POST","msg":"Success","path":"/product/2/buy","status":201,"tag":"middleware","time":"2025-06-19T17:02:52+03:00"}
{"duration":"5.14809ms","level":"info","method":"POST","msg":"Success","path":"/product/2/buy","status":201,"tag":"middleware","time":"2025-06-19T17:02:52+03:00"}
{"duration":"4.314317ms","level":"info","method":"POST","msg":"Success","path":"/product/2/buy","status":201,"tag":"middleware","time":"2025-06-19T17:02:53+03:00"}
{"duration":"2.144305ms","level":"info","method":"GET","msg":"Success","path":"/order/14","status":201,"tag":"middleware","time":"2025-06-19T17:03:03+03:00"}
{"duration":"2.530993ms","level":"info","method":"GET","msg":"Success","path":"/order/14","status":201,"tag":"middleware","time":"2025-06-19T17:03:04+03:00"}
{"duration":"1.527548ms","level":"info","method":"GET","msg":"Success","path":"/order/14","status":201,"tag":"middleware","time":"2025-06-19T17:03:05+03:00"}
{"duration":"2.368443ms","level":"info","method":"GET","msg":"Success","path":"/order/14","status":201,"tag":"middleware","time":"2025-06-19T17:03:05+03:00"}
{"duration":"14.392µs","level":"warning","method":"GET","msg":"Client error","path":"/my-orders","status":404,"tag":"middleware","time":"2025-06-19T17:14:12+03:00"}
{"duration":"2.488401ms","level":"info","method":"GET","msg":"Success","path":"/my_orders","status":202,"tag":"middleware","time":"2025-06-19T17:14:35+03:00"}
{"duration":"3.782939ms","level":"info","method":"POST","msg":"Success","path":"/order","status":201,"tag":"middleware","time":"2025-06-19T17:14:46+03:00"}
{"duration":"647.125µs","level":"info","method":"GET","msg":"Success","path":"/my_orders","status":202,"tag":"middleware","time":"2025-06-19T17:14:48+03:00"}
{"duration":"21.103563ms","level":"info","method":"POST","msg":"Success","path":"/product/2/buy","status":201,"tag":"middleware","time":"2025-06-19T18:55:44+03:00"}
{"duration":"4.886154ms","level":"info","method":"POST","msg":"Success","path":"/product/2/buy","status":201,"tag":"middleware","time":"2025-06-19T18:55:45+03:00"}
{"duration":"6.613273ms","level":"info","method":"POST","msg":"Success","path":"/product/2/buy","status":201,"tag":"middleware","time":"2025-06-19T18:55:46+03:00"}
{"duration":"4.567764ms","level":"info","method":"POST","msg":"Success","path":"/product/2/buy","status":201,"tag":"middleware","time":"2025-06-19T18:55:46+03:00"}
{"duration":"5.208299ms","level":"info","method":"POST","msg":"Success","path":"/product/2/buy","status":201,"tag":"middleware","time":"2025-06-19T18:55:46+03:00"}
{"duration":"3.868958ms","level":"info","method":"GET","msg":"Success","path":"/order/15","status":202,"tag":"middleware","time":"2025-06-19T18:55:52+03:00"}
{"duration":"950.679µs","level":"info","method":"GET","msg":"Success","path":"/order/15","status":202,"tag":"middleware","time":"2025-06-19T18:55:53+03:00"}
{"duration":"1.021036ms","level":"info","method":"GET","msg":"Success","path":"/order/15","status":202,"tag":"middleware","time":"2025-06-19T18:56:24+03:00"}
{"duration":"1.454555ms","level":"info","method":"GET","msg":"Success","path":"/order/15","status":202,"tag":"middleware","time":"2025-06-19T18:56:25+03:00"}
{"duration":"961.16µs","level":"info","method":"GET","msg":"Success","path":"/order/15","status":202,"tag":"middleware","time":"2025-06-19T18:56:25+03:00"}
{"duration":"1.537127ms","level":"info","method":"GET","msg":"Success","path":"/order/15","status":202,"tag":"middleware","time":"2025-06-19T18:56:26+03:00"}
{"duration":"3.637442ms","level":"info","method":"POST","msg":"Success","path":"/product/2/buy","status":201,"tag":"middleware","time":"2025-06-19T18:56:36+03:00"}
{"duration":"6.672006ms","level":"info","method":"POST","msg":"Success","path":"/product/2/buy","status":201,"tag":"middleware","time":"2025-06-19T18:56:36+03:00"}
{"duration":"5.010087ms","level":"info","method":"POST","msg":"Success","path":"/product/2/buy","status":201,"tag":"middleware","time":"2025-06-19T18:56:37+03:00"}
{"duration":"3.50327ms","level":"info","method":"POST","msg":"Success","path":"/product/2/buy","status":201,"tag":"middleware","time":"2025-06-19T18:56:38+03:00"}
{"duration":"1.233829ms","level":"info","method":"GET","msg":"Success","path":"/my_orders","status":202,"tag":"middleware","time":"2025-06-19T18:56:41+03:00"}
{"duration":"593.178µs","level":"info","method":"GET","msg":"Success","path":"/my_orders","status":202,"tag":"middleware","time":"2025-06-19T18:56:42+03:00"}
{"duration":"688.275µs","level":"info","method":"GET","msg":"Success","path":"/my_orders","status":202,"tag":"middleware","time":"2025-06-19T18:56:42+03:00"}
{"duration":"678.662µs","level":"info","method":"GET","msg":"Success","path":"/order/15","status":202,"tag":"middleware","time":"2025-06-19T18:56:45+03:00"}
{"duration":"1.024911ms","level":"info","method":"GET","msg":"Success","path":"/order/15","status":202,"tag":"middleware","time":"2025-06-19T18:56:46+03:00"}
{"duration":"651.807µs","level":"info","method":"GET","msg":"Success","path":"/order/15","status":202,"tag":"middleware","time":"2025-06-19T18:56:46+03:00"}
{"duration":"656.457µs","level":"info","method":"GET","msg":"Success","path":"/order/15","status":202,"tag":"middleware","time":"2025-06-19T18:56:47+03:00"}
{"duration":"20.853799ms","level":"info","method":"POST","msg":"Success","path":"/product/2/buy","status":201,"tag":"middleware","time":"2025-06-19T20:01:37+03:00"}
{"duration":"3.679719ms","level":"info","method":"POST","msg":"Success","path":"/product/2/buy","status":201,"tag":"middleware","time":"2025-06-19T20:01:38+03:00"}
{"duration":"4.399383ms","level":"info","method":"GET","msg":"Success","path":"/order/15","status":202,"tag":"middleware","time":"2025-06-19T20:01:41+03:00"}
{"duration":"9.092098ms","level":"info","method":"POST","msg":"Success","path":"/auth/get_code","status":201,"tag":"middleware","time":"2025-06-19T20:03:24+03:00"}
{"duration":"671.035µs","level":"info","method":"POST","msg":"Success","path":"/auth/get_token","status":201,"tag":"middleware","time":"2025-06-19T20:03:41+03:00"}
{"duration":"2.401087ms","level":"info","method":"GET","msg":"Success","path":"/order/15","status":202,"tag":"middleware","time":"2025-06-19T20:03:54+03:00"}
{"duration":"1.230624ms","level":"info","method":"GET","msg":"Success","path":"/order/15","status":202,"tag":"middleware","time":"2025-06-19T20:03:55+03:00"}
{"duration":"2.110102ms","level":"error","method":"GET","msg":"Server error","path":"/order/15","status":500,"tag":"middleware","time":"2025-06-19T20:07:09+03:00"}
{"duration":"2.257795ms","level":"info","method":"GET","msg":"Success","path":"/my_orders","status":202,"tag":"middleware","time":"2025-06-19T20:07:45+03:00"}
{"duration":"5.414371ms","level":"info","method":"POST","msg":"Success","path":"/product/2/buy","status":201,"tag":"middleware","time":"2025-06-19T20:07:57+03:00"}
{"duration":"3.075362ms","level":"info","method":"POST","msg":"Success","path":"/order","status":201,"tag":"middleware","time":"2025-06-19T20:08:04+03:00"}
{"duration":"3.032143ms","level":"info","method":"POST","msg":"Success","path":"/order","status":201,"tag":"middleware","time":"2025-06-19T20:08:10+03:00"}
{"duration":"754.59µs","level":"info","method":"GET","msg":"Success","path":"/my_orders","status":202,"tag":"middleware","time":"2025-06-19T20:08:14+03:00"}
{"duration":"920.353µs","level":"error","method":"GET","msg":"Server error","path":"/order/16","status":500,"tag":"middleware","time":"2025-06-19T20:08:22+03:00"}
{"duration":"824.001µs","level":"error","method":"GET","msg":"Server error","path":"/order/16","status":500,"tag":"middleware","time":"2025-06-19T20:08:23+03:00"}
{"duration":"637.243µs","level":"error","method":"GET","msg":"Server error","path":"/order/1","status":500,"tag":"middleware","time":"2025-06-19T20:08:28+03:00"}
{"duration":"952.588µs","level":"error","method":"GET","msg":"Server error","path":"/order/1","status":500,"tag":"middleware","time":"2025-06-19T20:08:29+03:00"}
{"duration":"1.068204ms","level":"error","method":"GET","msg":"Server error","path":"/order/16","status":500,"tag":"middleware","time":"2025-06-19T20:08:38+03:00"}
{"duration":"690.05µs","level":"error","method":"GET","msg":"Server error","path":"/order/15","status":500,"tag":"middleware","time":"2025-06-19T20:08:41+03:00"}
{"duration":"1.191129ms","level":"error","method":"GET","msg":"Server error","path":"/order/15","status":500,"tag":"middleware","time":"2025-06-19T20:08:48+03:00"}
{"duration":"681.059µs","level":"error","method":"GET","msg":"Server error","path":"/order/16","status":500,"tag":"middleware","time":"2025-06-19T20:08:51+03:00"}
{"duration":"1.439742ms","level":"error","method":"GET","msg":"Server error","path":"/order/16","status":500,"tag":"middleware","time":"2025-06-19T20:08:51+03:00"}
{"duration":"754.504µs","level":"warning","method":"POST","msg":"Client error","path":"/order","status":400,"tag":"middleware","time":"2025-06-19T20:08:58+03:00"}
{"duration":"16.479µs","level":"warning","method":"POST","msg":"Client error","path":"/order","status":401,"tag":"middleware","time":"2025-06-19T20:09:04+03:00"}
{"duration":"806.878µs","level":"warning","method":"POST","msg":"Client error","path":"/order","status":400,"tag":"middleware","time":"2025-06-19T20:09:09+03:00"}
{"duration":"5.399057ms","level":"info","method":"POST","msg":"Success","path":"/product/2/buy","status":201,"tag":"middleware","time":"2025-06-19T20:09:14+03:00"}
{"duration":"4.146898ms","level":"info","method":"POST","msg":"Success","path":"/product/2/buy","status":201,"tag":"middleware","time":"2025-06-19T20:09:15+03:00"}
{"duration":"4.284103ms","level":"info","method":"POST","msg":"Success","path":"/product/2/buy","status":201,"tag":"middleware","time":"2025-06-19T20:09:15+03:00"}
{"duration":"3.705471ms","level":"info","method":"POST","msg":"Success","path":"/product/2/buy","status":201,"tag":"middleware","time":"2025-06-19T20:09:15+03:00"}
{"duration":"5.212311ms","level":"info","method":"POST","msg":"Success","path":"/product/2/buy","status":201,"tag":"middleware","time":"2025-06-19T20:09:15+03:00"}
{"duration":"3.765679ms","level":"info","method":"POST","msg":"Success","path":"/product/2/buy","status":201,"tag":"middleware","time":"2025-06-19T20:09:16+03:00"}
{"duration":"6.403199ms","level":"info","method":"POST","msg":"Success","path":"/product/2/buy","status":201,"tag":"middleware","time":"2025-06-19T20:09:16+03:00"}
{"duration":"3.46506ms","level":"info","method":"POST","msg":"Success","path":"/product/2/buy","status":201,"tag":"middleware","time":"2025-06-19T20:09:16+03:00"}
{"duration":"3.700979ms","level":"info","method":"POST","msg":"Success","path":"/product/2/buy","status":201,"tag":"middleware","time":"2025-06-19T20:09:16+03:00"}
{"duration":"5.066831ms","level":"info","method":"POST","msg":"Success","path":"/product/2/buy","status":201,"tag":"middleware","time":"2025-06-19T20:09:16+03:00"}
{"duration":"4.662316ms","level":"info","method":"POST","msg":"Success","path":"/order","status":201,"tag":"middleware","time":"2025-06-19T20:09:20+03:00"}
{"duration":"945.772µs","level":"error","method":"GET","msg":"Server error","path":"/order/17","status":500,"tag":"middleware","time":"2025-06-19T20:09:27+03:00"}
{"duration":"989.833µs","level":"error","method":"GET","msg":"Server error","path":"/order/17","status":500,"tag":"middleware","time":"2025-06-19T20:09:27+03:00"}
{"duration":"1.341297ms","level":"error","method":"GET","msg":"Server error","path":"/order/17","status":500,"tag":"middleware","time":"2025-06-19T20:09:28+03:00"}
{"duration":"884.163µs","level":"error","method":"GET","msg":"Server error","path":"/order/17","status":500,"tag":"middleware","time":"2025-06-19T20:09:29+03:00"}
{"duration":"1.652456ms","level":"error","method":"GET","msg":"Server error","path":"/order/17","status":500,"tag":"middleware","time":"2025-06-19T20:09:34+03:00"}
{"duration":"4.614769ms","level":"info","method":"GET","msg":"Success","path":"/order/17","status":202,"tag":"middleware","time":"2025-06-19T20:15:46+03:00"}
{"duration":"856.41µs","level":"error","method":"GET","msg":"Server error","path":"/order/14","status":500,"tag":"middleware","time":"2025-06-19T20:15:52+03:00"}
{"duration":"867.188µs","level":"error","method":"GET","msg":"Server error","path":"/order/15","status":500,"tag":"middleware","time":"2025-06-19T20:15:55+03:00"}
{"duration":"1.438266ms","level":"error","method":"GET","msg":"Server error","path":"/order/15","status":500,"tag":"middleware","time":"2025-06-19T20:15:56+03:00"}
{"duration":"1.364406ms","level":"info","method":"GET","msg":"Success","path":"/order/16","status":202,"tag":"middleware","time":"2025-06-19T20:15:58+03:00"}
{"duration":"1.623466ms","level":"info","method":"GET","msg":"Success","path":"/my_orders","status":202,"tag":"middleware","time":"2025-06-19T20:16:06+03:00"}
